{"total": {"lines":{"total":939,"covered":844,"skipped":0,"pct":89.88},"statements":{"total":939,"covered":844,"skipped":0,"pct":89.88},"functions":{"total":51,"covered":13,"skipped":0,"pct":25.49},"branches":{"total":63,"covered":49,"skipped":0,"pct":77.77},"branchesTrue":{"total":0,"covered":0,"skipped":0,"pct":100}}
,"D:\\github\\antdv\\core\\Detail.vue": {"lines":{"total":31,"covered":31,"skipped":0,"pct":100},"functions":{"total":0,"covered":0,"skipped":0,"pct":100},"statements":{"total":31,"covered":31,"skipped":0,"pct":100},"branches":{"total":0,"covered":0,"skipped":0,"pct":100}}
,"D:\\github\\antdv\\core\\FCurd.vue": {"lines":{"total":139,"covered":138,"skipped":0,"pct":99.28},"functions":{"total":7,"covered":3,"skipped":0,"pct":42.85},"statements":{"total":139,"covered":138,"skipped":0,"pct":99.28},"branches":{"total":17,"covered":14,"skipped":0,"pct":82.35}}
,"D:\\github\\antdv\\core\\FForm.vue": {"lines":{"total":78,"covered":78,"skipped":0,"pct":100},"functions":{"total":2,"covered":1,"skipped":0,"pct":50},"statements":{"total":78,"covered":78,"skipped":0,"pct":100},"branches":{"total":6,"covered":4,"skipped":0,"pct":66.66}}
,"D:\\github\\antdv\\core\\form_controls.tsx": {"lines":{"total":158,"covered":141,"skipped":0,"pct":89.24},"functions":{"total":24,"covered":3,"skipped":0,"pct":12.5},"statements":{"total":158,"covered":141,"skipped":0,"pct":89.24},"branches":{"total":24,"covered":20,"skipped":0,"pct":83.33}}
,"D:\\github\\antdv\\core\\index.ts": {"lines":{"total":3,"covered":0,"skipped":0,"pct":0},"functions":{"total":1,"covered":0,"skipped":0,"pct":0},"statements":{"total":3,"covered":0,"skipped":0,"pct":0},"branches":{"total":1,"covered":0,"skipped":0,"pct":0}}
,"D:\\github\\antdv\\core\\__tests__\\columns.ts": {"lines":{"total":288,"covered":279,"skipped":0,"pct":96.87},"functions":{"total":4,"covered":1,"skipped":0,"pct":25},"statements":{"total":288,"covered":279,"skipped":0,"pct":96.87},"branches":{"total":1,"covered":1,"skipped":0,"pct":100}}
,"D:\\github\\antdv\\core\\constants\\index.ts": {"lines":{"total":15,"covered":15,"skipped":0,"pct":100},"functions":{"total":0,"covered":0,"skipped":0,"pct":100},"statements":{"total":15,"covered":15,"skipped":0,"pct":100},"branches":{"total":0,"covered":0,"skipped":0,"pct":100}}
,"D:\\github\\antdv\\core\\hook\\useCurd.ts": {"lines":{"total":89,"covered":59,"skipped":0,"pct":66.29},"functions":{"total":8,"covered":2,"skipped":0,"pct":25},"statements":{"total":89,"covered":59,"skipped":0,"pct":66.29},"branches":{"total":3,"covered":2,"skipped":0,"pct":66.66}}
,"D:\\github\\antdv\\core\\hook\\useLocalStorage.ts": {"lines":{"total":33,"covered":20,"skipped":0,"pct":60.6},"functions":{"total":2,"covered":2,"skipped":0,"pct":100},"statements":{"total":33,"covered":20,"skipped":0,"pct":60.6},"branches":{"total":6,"covered":4,"skipped":0,"pct":66.66}}
,"D:\\github\\antdv\\core\\i18n\\index.ts": {"lines":{"total":56,"covered":56,"skipped":0,"pct":100},"functions":{"total":0,"covered":0,"skipped":0,"pct":100},"statements":{"total":56,"covered":56,"skipped":0,"pct":100},"branches":{"total":0,"covered":0,"skipped":0,"pct":100}}
,"D:\\github\\antdv\\core\\render\\CustomRender.ts": {"lines":{"total":7,"covered":5,"skipped":0,"pct":71.42},"functions":{"total":1,"covered":0,"skipped":0,"pct":0},"statements":{"total":7,"covered":5,"skipped":0,"pct":71.42},"branches":{"total":0,"covered":0,"skipped":0,"pct":100}}
,"D:\\github\\antdv\\core\\render\\TagRender.tsx": {"lines":{"total":42,"covered":22,"skipped":0,"pct":52.38},"functions":{"total":2,"covered":1,"skipped":0,"pct":50},"statements":{"total":42,"covered":22,"skipped":0,"pct":52.38},"branches":{"total":5,"covered":4,"skipped":0,"pct":80}}
}
